gyp WARN download NVM_NODEJS_ORG_MIRROR is deprecated and will be removed in node-gyp v4, please use NODEJS_ORG_MIRROR
gyp WARN download NVM_NODEJS_ORG_MIRROR is deprecated and will be removed in node-gyp v4, please use NODEJS_ORG_MIRROR
2016-11-29 09:10:58.076 xcodebuild[45378:508493] [MT] DVTPlugInManager: Required plug-in compatibility UUID 8A66E736-A720-4B3C-92F1-33D9962C69DF for KSImageNamed.ideplugin (com.ksuther.KSImageNamed) not present
2016-11-29 09:10:58.131 xcodebuild[45378:508493] [MT] PluginLoading: Required plug-in compatibility UUID 8A66E736-A720-4B3C-92F1-33D9962C69DF for plug-in at path '~/Library/Application Support/Developer/Shared/Xcode/Plug-ins/XAlign.xcplugin' not present in DVTPlugInCompatibilityUUIDs
2016-11-29 09:10:58.132 xcodebuild[45378:508493] [MT] PluginLoading: Required plug-in compatibility UUID 8A66E736-A720-4B3C-92F1-33D9962C69DF for plug-in at path '~/Library/Application Support/Developer/Shared/Xcode/Plug-ins/VVDocumenter-Xcode.xcplugin' not present in DVTPlugInCompatibilityUUIDs
2016-11-29 09:10:58.133 xcodebuild[45378:508493] [MT] PluginLoading: Required plug-in compatibility UUID 8A66E736-A720-4B3C-92F1-33D9962C69DF for plug-in at path '~/Library/Application Support/Developer/Shared/Xcode/Plug-ins/Peckham.xcplugin' not present in DVTPlugInCompatibilityUUIDs
2016-11-29 09:10:58.134 xcodebuild[45378:508493] [MT] PluginLoading: Required plug-in compatibility UUID 8A66E736-A720-4B3C-92F1-33D9962C69DF for plug-in at path '~/Library/Application Support/Developer/Shared/Xcode/Plug-ins/HOStringSense.xcplugin' not present in DVTPlugInCompatibilityUUIDs
2016-11-29 09:10:58.135 xcodebuild[45378:508493] [MT] PluginLoading: Required plug-in compatibility UUID 8A66E736-A720-4B3C-92F1-33D9962C69DF for plug-in at path '~/Library/Application Support/Developer/Shared/Xcode/Plug-ins/FuzzyAutocomplete.xcplugin' not present in DVTPlugInCompatibilityUUIDs
2016-11-29 09:10:58.136 xcodebuild[45378:508493] [MT] PluginLoading: Required plug-in compatibility UUID 8A66E736-A720-4B3C-92F1-33D9962C69DF for plug-in at path '~/Library/Application Support/Developer/Shared/Xcode/Plug-ins/FKConsole.xcplugin' not present in DVTPlugInCompatibilityUUIDs
2016-11-29 09:10:58.137 xcodebuild[45378:508493] [MT] PluginLoading: Required plug-in compatibility UUID 8A66E736-A720-4B3C-92F1-33D9962C69DF for plug-in at path '~/Library/Application Support/Developer/Shared/Xcode/Plug-ins/Alcatraz.xcplugin' not present in DVTPlugInCompatibilityUUIDs
gyp WARN download NVM_NODEJS_ORG_MIRROR is deprecated and will be removed in node-gyp v4, please use NODEJS_ORG_MIRROR
In file included from ../lib/kerberos.cc:1:
../lib/kerberos.h:32:48: error: unknown type name 'Arguments'; did you mean 'v8::internal::Arguments'?
  static Handle<Value> AuthGSSClientInit(const Arguments &args);
                                               ^~~~~~~~~
                                               v8::internal::Arguments
/Users/mxf/.node-gyp/0.12.14/include/node/v8.h:127:7: note: 'v8::internal::Arguments' declared here
class Arguments;
      ^
In file included from ../lib/kerberos.cc:1:
../lib/kerberos.h:33:48: error: unknown type name 'Arguments'; did you mean 'v8::internal::Arguments'?
  static Handle<Value> AuthGSSClientStep(const Arguments &args);
                                               ^~~~~~~~~
                                               v8::internal::Arguments
/Users/mxf/.node-gyp/0.12.14/include/node/v8.h:127:7: note: 'v8::internal::Arguments' declared here
class Arguments;
      ^
In file included from ../lib/kerberos.cc:1:
../lib/kerberos.h:34:50: error: unknown type name 'Arguments'; did you mean 'v8::internal::Arguments'?
  static Handle<Value> AuthGSSClientUnwrap(const Arguments &args);
                                                 ^~~~~~~~~
                                                 v8::internal::Arguments
/Users/mxf/.node-gyp/0.12.14/include/node/v8.h:127:7: note: 'v8::internal::Arguments' declared here
class Arguments;
      ^
In file included from ../lib/kerberos.cc:1:
../lib/kerberos.h:35:48: error: unknown type name 'Arguments'; did you mean 'v8::internal::Arguments'?
  static Handle<Value> AuthGSSClientWrap(const Arguments &args);
                                               ^~~~~~~~~
                                               v8::internal::Arguments
/Users/mxf/.node-gyp/0.12.14/include/node/v8.h:127:7: note: 'v8::internal::Arguments' declared here
class Arguments;
      ^
In file included from ../lib/kerberos.cc:1:
../lib/kerberos.h:36:49: error: unknown type name 'Arguments'; did you mean 'v8::internal::Arguments'?
  static Handle<Value> AuthGSSClientClean(const Arguments &args);
                                                ^~~~~~~~~
                                                v8::internal::Arguments
/Users/mxf/.node-gyp/0.12.14/include/node/v8.h:127:7: note: 'v8::internal::Arguments' declared here
class Arguments;
      ^
In file included from ../lib/kerberos.cc:1:
../lib/kerberos.h:39:34: error: unknown type name 'Arguments'; did you mean 'v8::internal::Arguments'?
  static Handle<Value> New(const Arguments &args);  
                                 ^~~~~~~~~
                                 v8::internal::Arguments
/Users/mxf/.node-gyp/0.12.14/include/node/v8.h:127:7: note: 'v8::internal::Arguments' declared here
class Arguments;
      ^
In file included from ../lib/kerberos.cc:1:
../lib/kerberos.h:42:23: error: unknown type name 'uv_work_t'
  static void Process(uv_work_t* work_req);
                      ^
../lib/kerberos.h:44:21: error: unknown type name 'uv_work_t'
  static void After(uv_work_t* work_req);
                    ^
In file included from ../lib/kerberos.cc:3:
../lib/worker.h:17:5: error: unknown type name 'uv_work_t'
    uv_work_t request;
    ^
In file included from ../lib/kerberos.cc:4:
../lib/kerberos_context.h:44:34: error: unknown type name 'Arguments'; did you mean 'v8::internal::Arguments'?
  static Handle<Value> New(const Arguments &args);  
                                 ^~~~~~~~~
                                 v8::internal::Arguments
/Users/mxf/.node-gyp/0.12.14/include/node/v8.h:127:7: note: 'v8::internal::Arguments' declared here
class Arguments;
      ^
In file included from ../lib/kerberos.cc:4:
../lib/kerberos_context.h:46:69: error: unknown type name 'AccessorInfo'
  static Handle<Value> ResponseGetter(Local<String> property, const AccessorInfo& info);  
                                                                    ^
../lib/kerberos_context.h:28:32: error: member reference type 'Persistent<v8::FunctionTemplate>' is not a pointer; did you mean to use '.'?
    return constructor_template->HasInstance(obj);
           ~~~~~~~~~~~~~~~~~~~~^~
                               .
../lib/kerberos_context.h:28:34: error: no member named 'HasInstance' in 'v8::Persistent<v8::FunctionTemplate, v8::NonCopyablePersistentTraits<v8::FunctionTemplate> >'
    return constructor_template->HasInstance(obj);
           ~~~~~~~~~~~~~~~~~~~~  ^
../lib/kerberos.cc:40:15: error: calling a protected constructor of class 'v8::HandleScope'
  HandleScope scope;
              ^
/Users/mxf/.node-gyp/0.12.14/include/node/v8.h:816:13: note: declared protected here
  V8_INLINE HandleScope() {}
            ^
../lib/kerberos.cc:41:50: error: no member named 'New' in 'v8::String'
  return ThrowException(Exception::Error(String::New(msg)));
                                         ~~~~~~~~^
../lib/kerberos.cc:49:15: error: calling a protected constructor of class 'v8::HandleScope'
  HandleScope scope;
              ^
/Users/mxf/.node-gyp/0.12.14/include/node/v8.h:816:13: note: declared protected here
  V8_INLINE HandleScope() {}
            ^
../lib/kerberos.cc:51:53: error: cannot initialize a parameter of type 'v8::Isolate *' with an lvalue of type 'Handle<v8::Value> (const v8::internal::Arguments &)'
  Local<FunctionTemplate> t = FunctionTemplate::New(Kerberos::New);
                                                    ^~~~~~~~~~~~~
/Users/mxf/.node-gyp/0.12.14/include/node/v8.h:3477:16: note: passing argument to parameter 'isolate' here
      Isolate* isolate,
               ^
../lib/kerberos.cc:52:56: error: 'New' is a private member of 'v8::PersistentBase<v8::FunctionTemplate>'
  constructor_template = Persistent<FunctionTemplate>::New(t);
                                                       ^
/Users/mxf/.node-gyp/0.12.14/include/node/v8.h:572:23: note: declared private here
  V8_INLINE static T* New(Isolate* isolate, T* that);
                      ^
../lib/kerberos.cc:52:26: error: too few arguments to function call, expected 2, have 1; did you mean '::Kerberos::New'?
  constructor_template = Persistent<FunctionTemplate>::New(t);
                         ^~~~~~~~~~
                         ::Kerberos::New
../lib/kerberos.h:39:24: note: '::Kerberos::New' declared here
  static Handle<Value> New(const Arguments &args);  
                       ^
fatal error: too many errors emitted, stopping now [-ferror-limit=]
20 errors generated.
make: *** [Release/obj.target/kerberos/lib/kerberos.o] Error 1
gyp ERR! build error 
gyp ERR! stack Error: `make` failed with exit code: 2
gyp ERR! stack     at ChildProcess.onExit (/Users/mxf/.nvm/versions/node/v0.12.14/lib/node_modules/npm/node_modules/node-gyp/lib/build.js:276:23)
gyp ERR! stack     at ChildProcess.emit (events.js:110:17)
gyp ERR! stack     at Process.ChildProcess._handle.onexit (child_process.js:1078:12)
gyp ERR! System Darwin 15.6.0
gyp ERR! command "node" "/Users/mxf/.nvm/versions/node/v0.12.14/lib/node_modules/npm/node_modules/node-gyp/bin/node-gyp.js" "rebuild"
gyp ERR! cwd /Users/mxf/Desktop/XiaoWei/node_modules/connect-mongo/node_modules/mongodb/node_modules/kerberos
gyp ERR! node -v v0.12.14
gyp ERR! node-gyp -v v3.3.1
gyp ERR! not ok 
